<?xml version="1.0" encoding="UTF-8"?>
<testsuite xmlns:xsi="http://www.w3.org/2001/XMLSchema-instance" xsi:noNamespaceSchemaLocation="https://maven.apache.org/surefire/maven-surefire-plugin/xsd/surefire-test-report.xsd" name="com.chornobuk.web.model.MovieSessionQueryConstructorTest" time="0.001" tests="11" errors="0" skipped="0" failures="0">
  <properties>
    <property name="java.specification.version" value="17"/>
    <property name="sun.cpu.isalist" value="amd64"/>
    <property name="sun.jnu.encoding" value="Cp1252"/>
    <property name="java.class.path" value="d:\EPAM\FinalProject\Cinema\target\test-classes;d:\EPAM\FinalProject\Cinema\target\classes;C:\Users\kosti\.m2\repository\junit\junit\4.13.2\junit-4.13.2.jar;C:\Users\kosti\.m2\repository\org\hamcrest\hamcrest-core\1.3\hamcrest-core-1.3.jar;C:\Users\kosti\.m2\repository\javax\servlet\javax.servlet-api\4.0.1\javax.servlet-api-4.0.1.jar;C:\Users\kosti\.m2\repository\org\postgresql\postgresql\42.3.1\postgresql-42.3.1.jar;C:\Users\kosti\.m2\repository\org\checkerframework\checker-qual\3.5.0\checker-qual-3.5.0.jar;C:\Users\kosti\.m2\repository\javax\servlet\jstl\1.2\jstl-1.2.jar;C:\Users\kosti\.m2\repository\org\apache\logging\log4j\log4j-core\2.17.2\log4j-core-2.17.2.jar;C:\Users\kosti\.m2\repository\org\apache\logging\log4j\log4j-api\2.17.2\log4j-api-2.17.2.jar;C:\Users\kosti\.m2\repository\org\mockito\mockito-core\4.4.0\mockito-core-4.4.0.jar;C:\Users\kosti\.m2\repository\net\bytebuddy\byte-buddy\1.12.8\byte-buddy-1.12.8.jar;C:\Users\kosti\.m2\repository\net\bytebuddy\byte-buddy-agent\1.12.8\byte-buddy-agent-1.12.8.jar;C:\Users\kosti\.m2\repository\org\objenesis\objenesis\3.2\objenesis-3.2.jar;"/>
    <property name="java.vm.vendor" value="Oracle Corporation"/>
    <property name="sun.arch.data.model" value="64"/>
    <property name="user.variant" value=""/>
    <property name="java.vendor.url" value="https://java.oracle.com/"/>
    <property name="user.timezone" value="Europe/Kiev"/>
    <property name="user.country.format" value="UA"/>
    <property name="os.name" value="Windows 10"/>
    <property name="java.vm.specification.version" value="17"/>
    <property name="sun.java.launcher" value="SUN_STANDARD"/>
    <property name="user.country" value="US"/>
    <property name="sun.boot.library.path" value="C:\Program Files\Java\jdk-17.0.1\bin"/>
    <property name="sun.java.command" value="C:\Users\kosti\AppData\Local\Temp\surefire13428140525753336930\surefirebooter15667436773847277720.jar C:\Users\kosti\AppData\Local\Temp\surefire13428140525753336930 2022-04-16T14-44-59_678-jvmRun1 surefire9853611953759098203tmp surefire_02928469597975579146tmp"/>
    <property name="jdk.debug" value="release"/>
    <property name="surefire.test.class.path" value="d:\EPAM\FinalProject\Cinema\target\test-classes;d:\EPAM\FinalProject\Cinema\target\classes;C:\Users\kosti\.m2\repository\junit\junit\4.13.2\junit-4.13.2.jar;C:\Users\kosti\.m2\repository\org\hamcrest\hamcrest-core\1.3\hamcrest-core-1.3.jar;C:\Users\kosti\.m2\repository\javax\servlet\javax.servlet-api\4.0.1\javax.servlet-api-4.0.1.jar;C:\Users\kosti\.m2\repository\org\postgresql\postgresql\42.3.1\postgresql-42.3.1.jar;C:\Users\kosti\.m2\repository\org\checkerframework\checker-qual\3.5.0\checker-qual-3.5.0.jar;C:\Users\kosti\.m2\repository\javax\servlet\jstl\1.2\jstl-1.2.jar;C:\Users\kosti\.m2\repository\org\apache\logging\log4j\log4j-core\2.17.2\log4j-core-2.17.2.jar;C:\Users\kosti\.m2\repository\org\apache\logging\log4j\log4j-api\2.17.2\log4j-api-2.17.2.jar;C:\Users\kosti\.m2\repository\org\mockito\mockito-core\4.4.0\mockito-core-4.4.0.jar;C:\Users\kosti\.m2\repository\net\bytebuddy\byte-buddy\1.12.8\byte-buddy-1.12.8.jar;C:\Users\kosti\.m2\repository\net\bytebuddy\byte-buddy-agent\1.12.8\byte-buddy-agent-1.12.8.jar;C:\Users\kosti\.m2\repository\org\objenesis\objenesis\3.2\objenesis-3.2.jar;"/>
    <property name="sun.cpu.endian" value="little"/>
    <property name="user.home" value="C:\Users\kosti"/>
    <property name="user.language" value="en"/>
    <property name="java.specification.vendor" value="Oracle Corporation"/>
    <property name="java.version.date" value="2021-10-19"/>
    <property name="java.home" value="C:\Program Files\Java\jdk-17.0.1"/>
    <property name="file.separator" value="\"/>
    <property name="basedir" value="d:\EPAM\FinalProject\Cinema"/>
    <property name="java.vm.compressedOopsMode" value="Zero based"/>
    <property name="line.separator" value="&#10;"/>
    <property name="java.vm.specification.vendor" value="Oracle Corporation"/>
    <property name="java.specification.name" value="Java Platform API Specification"/>
    <property name="surefire.real.class.path" value="C:\Users\kosti\AppData\Local\Temp\surefire13428140525753336930\surefirebooter15667436773847277720.jar"/>
    <property name="user.script" value=""/>
    <property name="sun.management.compiler" value="HotSpot 64-Bit Tiered Compilers"/>
    <property name="java.runtime.version" value="17.0.1+12-LTS-39"/>
    <property name="user.name" value="kosti"/>
    <property name="path.separator" value=";"/>
    <property name="os.version" value="10.0"/>
    <property name="java.runtime.name" value="Java(TM) SE Runtime Environment"/>
    <property name="file.encoding" value="Cp1251"/>
    <property name="java.vm.name" value="Java HotSpot(TM) 64-Bit Server VM"/>
    <property name="localRepository" value="C:\Users\kosti\.m2\repository"/>
    <property name="java.vendor.url.bug" value="https://bugreport.java.com/bugreport/"/>
    <property name="java.io.tmpdir" value="C:\Users\kosti\AppData\Local\Temp\"/>
    <property name="java.version" value="17.0.1"/>
    <property name="user.dir" value="d:\EPAM\FinalProject\Cinema"/>
    <property name="os.arch" value="amd64"/>
    <property name="java.vm.specification.name" value="Java Virtual Machine Specification"/>
    <property name="user.language.format" value="uk"/>
    <property name="sun.os.patch.level" value=""/>
    <property name="native.encoding" value="Cp1251"/>
    <property name="java.library.path" value="C:\Program Files\Java\jdk-17.0.1\bin;C:\Windows\Sun\Java\bin;C:\Windows\system32;C:\Windows;C:\Windows\system32;C:\Windows;C:\Windows\System32\Wbem;C:\Windows\System32\WindowsPowerShell\v1.0\;C:\Windows\System32\OpenSSH\;C:\Program Files\Git\cmd;C:\Program Files\dotnet\;C:\Program Files\Go\bin;C:\Program Files\Docker\Docker\resources\bin;C:\ProgramData\DockerDesktop\version-bin;C:\Program Files\Java\jdk-17.0.1\bin;C:\Users\kosti\AppData\Local\Programs\Python\Python310\Scripts\;C:\Users\kosti\AppData\Local\Programs\Python\Python310\;C:\Users\kosti\AppData\Local\Microsoft\WindowsApps;C:\Program Files\JetBrains\IntelliJ IDEA 2021.3\bin;;C:\Program Files\JetBrains\JetBrains Rider 2021.3.2\bin;;C:\Program Files\PostgreSQL\14\bin;C:\Users\kosti\AppData\Local\Programs\Microsoft VS Code\bin;C:\Program Files\JetBrains\PyCharm Community Edition 2021.3.2\bin;;C:\Users\kosti\go\bin;D:\apache-maven-3.8.5\bin;;."/>
    <property name="java.vm.info" value="mixed mode, sharing"/>
    <property name="java.vendor" value="Oracle Corporation"/>
    <property name="java.vm.version" value="17.0.1+12-LTS-39"/>
    <property name="sun.io.unicode.encoding" value="UnicodeLittle"/>
    <property name="java.class.version" value="61.0"/>
  </properties>
  <testcase name="getWhereWithFilmFilter" classname="com.chornobuk.web.model.MovieSessionQueryConstructorTest" time="0"/>
  <testcase name="gerOrderByWithOneSortingField" classname="com.chornobuk.web.model.MovieSessionQueryConstructorTest" time="0"/>
  <testcase name="getOrderByWithWrongSorting" classname="com.chornobuk.web.model.MovieSessionQueryConstructorTest" time="0"/>
  <testcase name="queryWithFilter" classname="com.chornobuk.web.model.MovieSessionQueryConstructorTest" time="0"/>
  <testcase name="getWhereWithoutFilmFilter" classname="com.chornobuk.web.model.MovieSessionQueryConstructorTest" time="0"/>
  <testcase name="defaultQuery" classname="com.chornobuk.web.model.MovieSessionQueryConstructorTest" time="0"/>
  <testcase name="getOrderByWithThreeSortingFields" classname="com.chornobuk.web.model.MovieSessionQueryConstructorTest" time="0"/>
  <testcase name="getOrderByWithMixedSorting" classname="com.chornobuk.web.model.MovieSessionQueryConstructorTest" time="0"/>
  <testcase name="getOrderByWithAllDescendingSorting" classname="com.chornobuk.web.model.MovieSessionQueryConstructorTest" time="0"/>
  <testcase name="getOrderByWithoutSorting" classname="com.chornobuk.web.model.MovieSessionQueryConstructorTest" time="0"/>
  <testcase name="getOrderByWithTwoSortingFields" classname="com.chornobuk.web.model.MovieSessionQueryConstructorTest" time="0"/>
</testsuite>